MIF/HEX Update report for ECE385
Mon May 20 20:10:44 2019
Quartus Prime Version 18.1.0 Build 625 09/12/2018 SJ Lite Edition


---------------------
; Table of Contents ;
---------------------
  1. Legal Notice
  2. MIF/HEX Update Summary
  3. MIF/HEX Update Processed Files
  4. MIF/HEX Update Messages



----------------
; Legal Notice ;
----------------
Copyright (C) 2018  Intel Corporation. All rights reserved.
Your use of Intel Corporation's design tools, logic functions 
and other software and tools, and its AMPP partner logic 
functions, and any output files from any of the foregoing 
(including device programming or simulation files), and any 
associated documentation or information are expressly subject 
to the terms and conditions of the Intel Program License 
Subscription Agreement, the Intel Quartus Prime License Agreement,
the Intel FPGA IP License Agreement, or other applicable license
agreement, including, without limitation, that your use is for
the sole purpose of programming logic devices manufactured by
Intel and sold by Intel or its authorized distributors.  Please
refer to the applicable agreement for further details.



+---------------------------------------------------------------+
; MIF/HEX Update Summary                                        ;
+-----------------------+---------------------------------------+
; MIF/HEX Update Status ; Successful - Mon May 20 20:10:44 2019 ;
; Revision Name         ; ECE385                                ;
; Top-level Entity Name ; project_top                           ;
; Family                ; Cyclone IV E                          ;
; Device                ; EP4CE115F29C7                         ;
+-----------------------+---------------------------------------+


+------------------------------------------------------------------------+
; MIF/HEX Update Processed Files                                         ;
+------------------------------------------------------------------------+
; File Name                                                              ;
+------------------------------------------------------------------------+
; C:/Users/xuyh0/Desktop/zjui-ece385/final/ECE385_usb_src/ECE385_usb.hex ;
+------------------------------------------------------------------------+


+-------------------------+
; MIF/HEX Update Messages ;
+-------------------------+
Info: *******************************************************************
Info: Running Quartus Prime MIF/HEX Update
    Info: Version 18.1.0 Build 625 09/12/2018 SJ Lite Edition
    Info: Processing started: Mon May 20 20:10:27 2019
Info: Command: quartus_cdb ECE385 -c ECE385 --update_mif
Warning (18236): Number of processors has not been specified which may cause overloading on shared machines.  Set the global assignment NUM_PARALLEL_PROCESSORS in your QSF to an appropriate value for best performance.
Warning (39023): Can't find Memory Initialization File ece385_nios2_onchip_mem.hex -- skipped updates for this file
Warning (39023): Can't find Memory Initialization File ece385_usb_keycode.hex -- skipped updates for this file
Warning (39023): Can't find Memory Initialization File ece385_vga_sprite_0.hex -- skipped updates for this file
Warning (39023): Can't find Memory Initialization File ece385_vga_sprite_1.hex -- skipped updates for this file
Warning (39023): Can't find Memory Initialization File ece385_vga_sprite_2.hex -- skipped updates for this file
Warning (39023): Can't find Memory Initialization File ece385_vga_sprite_3.hex -- skipped updates for this file
Warning (113015): Width of data items in "ECE385_usb.hex" is greater than the memory width. Wrapping data items to subsequent addresses. Found 512 warnings, reporting 10 File: C:/Users/xuyh0/Desktop/zjui-ece385/final/ECE385_usb_src/ECE385_usb.hex Line: 1
    Warning (113009): Data at line (2) of memory initialization file "ECE385_usb.hex" is too wide to fit in one memory word. Wrapping data to subsequent addresses. File: C:/Users/xuyh0/Desktop/zjui-ece385/final/ECE385_usb_src/ECE385_usb.hex Line: 2
    Warning (113009): Data at line (3) of memory initialization file "ECE385_usb.hex" is too wide to fit in one memory word. Wrapping data to subsequent addresses. File: C:/Users/xuyh0/Desktop/zjui-ece385/final/ECE385_usb_src/ECE385_usb.hex Line: 3
    Warning (113009): Data at line (4) of memory initialization file "ECE385_usb.hex" is too wide to fit in one memory word. Wrapping data to subsequent addresses. File: C:/Users/xuyh0/Desktop/zjui-ece385/final/ECE385_usb_src/ECE385_usb.hex Line: 4
    Warning (113009): Data at line (5) of memory initialization file "ECE385_usb.hex" is too wide to fit in one memory word. Wrapping data to subsequent addresses. File: C:/Users/xuyh0/Desktop/zjui-ece385/final/ECE385_usb_src/ECE385_usb.hex Line: 5
    Warning (113009): Data at line (6) of memory initialization file "ECE385_usb.hex" is too wide to fit in one memory word. Wrapping data to subsequent addresses. File: C:/Users/xuyh0/Desktop/zjui-ece385/final/ECE385_usb_src/ECE385_usb.hex Line: 6
    Warning (113009): Data at line (7) of memory initialization file "ECE385_usb.hex" is too wide to fit in one memory word. Wrapping data to subsequent addresses. File: C:/Users/xuyh0/Desktop/zjui-ece385/final/ECE385_usb_src/ECE385_usb.hex Line: 7
    Warning (113009): Data at line (8) of memory initialization file "ECE385_usb.hex" is too wide to fit in one memory word. Wrapping data to subsequent addresses. File: C:/Users/xuyh0/Desktop/zjui-ece385/final/ECE385_usb_src/ECE385_usb.hex Line: 8
    Warning (113009): Data at line (9) of memory initialization file "ECE385_usb.hex" is too wide to fit in one memory word. Wrapping data to subsequent addresses. File: C:/Users/xuyh0/Desktop/zjui-ece385/final/ECE385_usb_src/ECE385_usb.hex Line: 9
    Warning (113009): Data at line (10) of memory initialization file "ECE385_usb.hex" is too wide to fit in one memory word. Wrapping data to subsequent addresses. File: C:/Users/xuyh0/Desktop/zjui-ece385/final/ECE385_usb_src/ECE385_usb.hex Line: 10
    Warning (113009): Data at line (11) of memory initialization file "ECE385_usb.hex" is too wide to fit in one memory word. Wrapping data to subsequent addresses. File: C:/Users/xuyh0/Desktop/zjui-ece385/final/ECE385_usb_src/ECE385_usb.hex Line: 11
Info (39024): Processed the following Memory Initialization File(s)
    Info (39025): Processed Memory Initialization File C:/Users/xuyh0/Desktop/zjui-ece385/final/ECE385_usb_src/ECE385_usb.hex File: C:/Users/xuyh0/Desktop/zjui-ece385/final/ECE385_usb_src/ECE385_usb.hex Line: 0
Info: Quartus Prime MIF/HEX Update was successful. 0 errors, 18 warnings
    Info: Peak virtual memory: 4843 megabytes
    Info: Processing ended: Mon May 20 20:10:44 2019
    Info: Elapsed time: 00:00:17
    Info: Total CPU time (on all processors): 00:00:17


